Script started on 2026-04-22 15:31:30-06:00 [COMMAND="node arch_prot_2025.mjs" TERM="xterm-256color" TTY="/dev/pts/0" COLUMNS="34" LINES="16"]
[33m[!] ARCH-PROT-2025: Sistema Iniciado[0m
[+] Origen de validación: DigitalCredentialsService
[+] Target: openid4vp / script-src-v2

[32m[STEP 1][0m Iniciando validación de salto criptográfico...
[32m[STEP 2][0m Token de Origin Trial interceptado con éxito.
[31m[!] ALERTA:[0m Salto criptográfico detectado.
[RESULTADO] CSP Bypass confirmado en entorno Buganizer.

Script done on 2026-04-22 15:31:31-06:00 [COMMAND_EXIT_CODE="0"]
🚀 [ATTACK] Apuntando al límite de 32768 FDs...
   [+] Descriptores alcanzados: 5000
   [+] Descriptores alcanzados: 10000
   [+] Descriptores alcanzados: 15000
   [+] Descriptores alcanzados: 20000
   [+] Descriptores alcanzados: 25000
   [+] Descriptores alcanzados: 30000

🛡️ [BLOQUEO] Sistema saturado en 32764 FDs.
🎯 Resultado: [Errno 24] Too many open files: '/dev/null'
🚀 [ATTACK] Apuntando al límite de 32768 FDs...
   [+] Descriptores alcanzados: 5000
   [+] Descriptores alcanzados: 10000
   [+] Descriptores alcanzados: 15000
   [+] Descriptores alcanzados: 20000
   [+] Descriptores alcanzados: 25000
   [+] Descriptores alcanzados: 30000

🛡️ [BLOQUEO] Sistema saturado en 32764 FDs.
🎯 Resultado: [Errno 24] Too many open files: '/dev/null'
